<?xml version="1.0" encoding="UTF-8"?>
<testng-results ignored="0" total="9" passed="8" failed="1" skipped="0">
  <reporter-output>
  </reporter-output>
  <suite started-at="2023-01-18T10:48:59 IST" name="Default suite" finished-at="2023-01-18T10:51:07 IST" duration-ms="127306">
    <groups>
    </groups>
    <test started-at="2023-01-18T10:48:59 IST" name="Default test" finished-at="2023-01-18T10:51:07 IST" duration-ms="127306">
      <class name="test.TestUnitConverter">
        <test-method is-config="true" signature="setup()[pri:0, instance:test.TestUnitConverter@7fb95505]" started-at="2023-01-18T10:49:00 IST" name="setup" finished-at="2023-01-18T10:49:20 IST" duration-ms="20672" status="PASS">
          <reporter-output>
          </reporter-output>
        </test-method> <!-- setup -->
        <test-method signature="ClickTextField()[pri:1, instance:test.TestUnitConverter@7fb95505]" started-at="2023-01-18T10:49:20 IST" name="ClickTextField" finished-at="2023-01-18T10:49:29 IST" duration-ms="8999" status="PASS">
          <reporter-output>
          </reporter-output>
        </test-method> <!-- ClickTextField -->
        <test-method signature="passUnitConverter()[pri:2, instance:test.TestUnitConverter@7fb95505]" started-at="2023-01-18T10:49:29 IST" name="passUnitConverter" finished-at="2023-01-18T10:49:36 IST" duration-ms="6164" status="PASS">
          <reporter-output>
          </reporter-output>
        </test-method> <!-- passUnitConverter -->
        <test-method signature="clickSearchOption()[pri:3, instance:test.TestUnitConverter@7fb95505]" started-at="2023-01-18T10:49:36 IST" name="clickSearchOption" finished-at="2023-01-18T10:49:37 IST" duration-ms="1048" status="PASS">
          <reporter-output>
          </reporter-output>
        </test-method> <!-- clickSearchOption -->
        <test-method signature="installButton()[pri:4, instance:test.TestUnitConverter@7fb95505]" started-at="2023-01-18T10:49:37 IST" name="installButton" finished-at="2023-01-18T10:49:44 IST" duration-ms="7417" status="PASS">
          <reporter-output>
          </reporter-output>
        </test-method> <!-- installButton -->
        <test-method signature="openButton()[pri:5, instance:test.TestUnitConverter@7fb95505]" started-at="2023-01-18T10:49:44 IST" name="openButton" finished-at="2023-01-18T10:50:41 IST" duration-ms="56585" status="PASS">
          <reporter-output>
          </reporter-output>
        </test-method> <!-- openButton -->
        <test-method signature="validation1()[pri:6, instance:test.TestUnitConverter@7fb95505]" started-at="2023-01-18T10:50:41 IST" name="validation1" finished-at="2023-01-18T10:50:57 IST" duration-ms="16718" status="PASS">
          <reporter-output>
          </reporter-output>
        </test-method> <!-- validation1 -->
        <test-method signature="validation2()[pri:7, instance:test.TestUnitConverter@7fb95505]" started-at="2023-01-18T10:50:57 IST" name="validation2" finished-at="2023-01-18T10:51:01 IST" duration-ms="3166" status="FAIL">
          <exception class="java.lang.AssertionError">
            <message>
              <![CDATA[expected [true] but found [false]]]>
            </message>
            <full-stacktrace>
              <![CDATA[java.lang.AssertionError: expected [true] but found [false]
at org.testng.Assert.fail(Assert.java:99)
at org.testng.Assert.failNotEquals(Assert.java:1037)
at org.testng.Assert.assertTrue(Assert.java:45)
at org.testng.Assert.assertTrue(Assert.java:55)
at test.TestUnitConverter.validation2(TestUnitConverter.java:74)
at java.base/jdk.internal.reflect.DirectMethodHandleAccessor.invoke(DirectMethodHandleAccessor.java:104)
at java.base/java.lang.reflect.Method.invoke(Method.java:577)
at org.testng.internal.MethodInvocationHelper.invokeMethod(MethodInvocationHelper.java:133)
at org.testng.internal.TestInvoker.invokeMethod(TestInvoker.java:598)
at org.testng.internal.TestInvoker.invokeTestMethod(TestInvoker.java:173)
at org.testng.internal.MethodRunner.runInSequence(MethodRunner.java:46)
at org.testng.internal.TestInvoker$MethodInvocationAgent.invoke(TestInvoker.java:824)
at org.testng.internal.TestInvoker.invokeTestMethods(TestInvoker.java:146)
at org.testng.internal.TestMethodWorker.invokeTestMethods(TestMethodWorker.java:146)
at org.testng.internal.TestMethodWorker.run(TestMethodWorker.java:128)
at java.base/java.util.ArrayList.forEach(ArrayList.java:1511)
at org.testng.TestRunner.privateRun(TestRunner.java:794)
at org.testng.TestRunner.run(TestRunner.java:596)
at org.testng.SuiteRunner.runTest(SuiteRunner.java:377)
at org.testng.SuiteRunner.runSequentially(SuiteRunner.java:371)
at org.testng.SuiteRunner.privateRun(SuiteRunner.java:332)
at org.testng.SuiteRunner.run(SuiteRunner.java:276)
at org.testng.SuiteRunnerWorker.runSuite(SuiteRunnerWorker.java:53)
at org.testng.SuiteRunnerWorker.run(SuiteRunnerWorker.java:96)
at org.testng.TestNG.runSuitesSequentially(TestNG.java:1212)
at org.testng.TestNG.runSuitesLocally(TestNG.java:1134)
at org.testng.TestNG.runSuites(TestNG.java:1063)
at org.testng.TestNG.run(TestNG.java:1031)
at org.testng.remote.AbstractRemoteTestNG.run(AbstractRemoteTestNG.java:115)
at org.testng.remote.RemoteTestNG.initAndRun(RemoteTestNG.java:251)
at org.testng.remote.RemoteTestNG.main(RemoteTestNG.java:77)
]]>
            </full-stacktrace>
          </exception> <!-- java.lang.AssertionError -->
          <reporter-output>
          </reporter-output>
        </test-method> <!-- validation2 -->
        <test-method signature="vlaidation3()[pri:8, instance:test.TestUnitConverter@7fb95505]" started-at="2023-01-18T10:51:02 IST" name="vlaidation3" finished-at="2023-01-18T10:51:04 IST" duration-ms="2671" status="PASS">
          <reporter-output>
          </reporter-output>
        </test-method> <!-- vlaidation3 -->
        <test-method signature="uninstallButton()[pri:9, instance:test.TestUnitConverter@7fb95505]" started-at="2023-01-18T10:51:04 IST" name="uninstallButton" finished-at="2023-01-18T10:51:06 IST" duration-ms="1153" status="PASS">
          <reporter-output>
          </reporter-output>
        </test-method> <!-- uninstallButton -->
        <test-method is-config="true" signature="tearDownBrowser()[pri:0, instance:test.TestUnitConverter@7fb95505]" started-at="2023-01-18T10:51:06 IST" name="tearDownBrowser" finished-at="2023-01-18T10:51:07 IST" duration-ms="1264" status="PASS">
          <reporter-output>
          </reporter-output>
        </test-method> <!-- tearDownBrowser -->
      </class> <!-- test.TestUnitConverter -->
    </test> <!-- Default test -->
  </suite> <!-- Default suite -->
</testng-results>
